0 info it worked if it ends with ok
1 verbose cli [ '/Users/louiscdiaz/.nvm/versions/node/v0.12.18/bin/node',
1 verbose cli   '/Users/louiscdiaz/.nvm/versions/node/v0.12.18/bin/npm',
1 verbose cli   'run',
1 verbose cli   'test' ]
2 info using npm@2.15.11
3 info using node@v0.12.18
4 verbose stack Error: ENOENT, open '/Users/louiscdiaz/Desktop/nodeTraining-master/package.json'
4 verbose stack     at Error (native)
5 verbose cwd /Users/louiscdiaz/Desktop/nodeTraining-master
6 error Darwin 18.7.0
7 error argv "/Users/louiscdiaz/.nvm/versions/node/v0.12.18/bin/node" "/Users/louiscdiaz/.nvm/versions/node/v0.12.18/bin/npm" "run" "test"
8 error node v0.12.18
9 error npm  v2.15.11
10 error path /Users/louiscdiaz/Desktop/nodeTraining-master/package.json
11 error code ENOENT
12 error errno -2
13 error enoent ENOENT, open '/Users/louiscdiaz/Desktop/nodeTraining-master/package.json'
13 error enoent This is most likely not a problem with npm itself
13 error enoent and is related to npm not being able to find a file.
14 verbose exit [ -2, true ]
